INFO  - Yarn Benchmark
INFO  - 	Speculative threads = 24
INFO  - 	Time range = [0ns, 1000000ns]
INFO  - 	Speedup min = 0.50
INFO  - 	Speedup delta = 0.50
INFO  - 	Log file = ../tests-result/time.log
INFO  - 
INFO  - Reference point:
INFO  - 	Op count: 100
INFO  - 	FP Mul: 393ns
INFO  - 	FP Div: 1256ns
INFO  - 
INFO  - Warming up...
INFO  - 
INFO  - Executing the benchmark...
INFO  - ( 1 / 24) = [0.166315, 0.999272]
INFO  - ( 1, 0.50) =      2811ns
INFO  - ( 1, 1.00) =   1000000ns
INFO  - ( 2 / 24) = [0.114275, 1.988705]
INFO  - ( 2, 0.50) =      2225ns
INFO  - ( 2, 1.00) =      7367ns
INFO  - ( 2, 1.50) =     22324ns
INFO  - ( 2, 2.00) =   1000000ns
INFO  - ( 3 / 24) = [0.087461, 2.973238]
INFO  - ( 3, 0.50) =      2210ns
INFO  - ( 3, 1.00) =      5396ns
INFO  - ( 3, 1.50) =     10159ns
INFO  - ( 3, 2.00) =     18265ns
INFO  - ( 3, 2.50) =     49006ns
INFO  - ( 3, 3.00) =   1000000ns
INFO  - ( 4 / 24) = [0.054990, 3.928815]
INFO  - ( 4, 0.50) =      3140ns
INFO  - ( 4, 1.00) =      6502ns
INFO  - ( 4, 1.50) =      9110ns
INFO  - ( 4, 2.00) =     13870ns
INFO  - ( 4, 2.50) =     22420ns
INFO  - ( 4, 3.00) =     41352ns
INFO  - ( 4, 3.50) =    144829ns
INFO  - ( 4, 4.00) =   1000000ns
INFO  - ( 5 / 24) = [0.036416, 4.628003]
INFO  - ( 5, 0.50) =      3986ns
INFO  - ( 5, 1.00) =      8648ns
INFO  - ( 5, 1.50) =     12466ns
INFO  - ( 5, 2.00) =     16882ns
INFO  - ( 5, 2.50) =     23173ns
INFO  - ( 5, 3.00) =     30587ns
INFO  - ( 5, 3.50) =     53256ns
INFO  - ( 5, 4.00) =    138220ns
INFO  - ( 5, 4.50) =    574862ns
WARN  - target=5.000000 > max=4.628003)
INFO  - ( 6 / 24) = [0.025821, 5.061495]
INFO  - ( 6, 0.50) =      5886ns
INFO  - ( 6, 1.00) =     12703ns
INFO  - ( 6, 1.50) =     16227ns
INFO  - ( 6, 2.00) =     20409ns
INFO  - ( 6, 2.50) =     28641ns
INFO  - ( 6, 3.00) =     35111ns
INFO  - ( 6, 3.50) =     46259ns
INFO  - ( 6, 4.00) =     77159ns
INFO  - ( 6, 4.50) =    174626ns
INFO  - ( 6, 5.00) =    989920ns
WARN  - target=5.500000 > max=5.061495)
INFO  - ( 7 / 24) = [0.020945, 5.376630]
INFO  - ( 7, 0.50) =      8136ns
INFO  - ( 7, 1.00) =     15240ns
INFO  - ( 7, 1.50) =     20561ns
INFO  - ( 7, 2.00) =     26884ns
INFO  - ( 7, 2.50) =     33116ns
INFO  - ( 7, 3.00) =     38216ns
INFO  - ( 7, 3.50) =     46558ns
INFO  - ( 7, 4.00) =     80388ns
INFO  - ( 7, 4.50) =    194545ns
INFO  - ( 7, 5.00) =    553284ns
WARN  - target=5.500000 > max=5.376630)
INFO  - ( 8 / 24) = [0.017444, 5.570262]
INFO  - ( 8, 0.50) =      9249ns
INFO  - ( 8, 1.00) =     18673ns
INFO  - ( 8, 1.50) =     26462ns
INFO  - ( 8, 2.00) =     32905ns
INFO  - ( 8, 2.50) =     39148ns
INFO  - ( 8, 3.00) =     46567ns
INFO  - ( 8, 3.50) =     60675ns
INFO  - ( 8, 4.00) =     97545ns
INFO  - ( 8, 4.50) =    142595ns
INFO  - ( 8, 5.00) =    560985ns
INFO  - ( 8, 5.50) =    998348ns
WARN  - target=6.000000 > max=5.570262)
INFO  - ( 9 / 24) = [0.012394, 5.586321]
INFO  - ( 9, 0.50) =     10395ns
INFO  - ( 9, 1.00) =     21436ns
INFO  - ( 9, 1.50) =     31045ns
INFO  - ( 9, 2.00) =     37505ns
INFO  - ( 9, 2.50) =     47188ns
INFO  - ( 9, 3.00) =     54469ns
INFO  - ( 9, 3.50) =     71211ns
INFO  - ( 9, 4.00) =    100744ns
INFO  - ( 9, 4.50) =    350605ns
INFO  - ( 9, 5.00) =    931690ns
INFO  - ( 9, 5.50) =    999987ns
WARN  - target=6.000000 > max=5.586321)
INFO  - (10 / 24) = [0.011050, 4.725669]
INFO  - (10, 0.50) =     13500ns
INFO  - (10, 1.00) =     23484ns
INFO  - (10, 1.50) =     32971ns
INFO  - (10, 2.00) =     42244ns
INFO  - (10, 2.50) =     53650ns
INFO  - (10, 3.00) =     71091ns
INFO  - (10, 3.50) =     88428ns
INFO  - (10, 4.00) =    310867ns
INFO  - (10, 4.50) =    591858ns
WARN  - target=5.000000 > max=4.725669)
INFO  - (11 / 24) = [0.009416, 4.430381]
INFO  - (11, 0.50) =     14600ns
INFO  - (11, 1.00) =     25195ns
INFO  - (11, 1.50) =     36285ns
INFO  - (11, 2.00) =     45822ns
INFO  - (11, 2.50) =     58274ns
INFO  - (11, 3.00) =     72013ns
INFO  - (11, 3.50) =     91663ns
INFO  - (11, 4.00) =    291484ns
INFO  - (11, 4.50) =    897308ns
WARN  - target=5.000000 > max=4.430381)
INFO  - (12 / 24) = [0.007978, 4.688907]
INFO  - (12, 0.50) =     13395ns
INFO  - (12, 1.00) =     28238ns
INFO  - (12, 1.50) =     38876ns
INFO  - (12, 2.00) =     50182ns
INFO  - (12, 2.50) =     61426ns
INFO  - (12, 3.00) =     81452ns
INFO  - (12, 3.50) =    132167ns
INFO  - (12, 4.00) =    433504ns
INFO  - (12, 4.50) =    977138ns
WARN  - target=5.000000 > max=4.688907)
INFO  - (13 / 24) = [0.006883, 4.569031]
INFO  - (13, 0.50) =     18886ns
INFO  - (13, 1.00) =     32350ns
INFO  - (13, 1.50) =     43072ns
INFO  - (13, 2.00) =     56311ns
INFO  - (13, 2.50) =     73479ns
INFO  - (13, 3.00) =     93377ns
INFO  - (13, 3.50) =    131288ns
INFO  - (13, 4.00) =    385642ns
INFO  - (13, 4.50) =    973286ns
WARN  - target=5.000000 > max=4.569031)
INFO  - (14 / 24) = [0.005671, 4.462587]
INFO  - (14, 0.50) =     20980ns
INFO  - (14, 1.00) =     37529ns
INFO  - (14, 1.50) =     49497ns
INFO  - (14, 2.00) =     62239ns
INFO  - (14, 2.50) =     81468ns
INFO  - (14, 3.00) =    101899ns
INFO  - (14, 3.50) =    140858ns
INFO  - (14, 4.00) =    342437ns
INFO  - (14, 4.50) =   1000000ns
WARN  - target=5.000000 > max=4.462587)
INFO  - (15 / 24) = [0.005292, 4.374602]
INFO  - (15, 0.50) =     23055ns
INFO  - (15, 1.00) =     40937ns
INFO  - (15, 1.50) =     55324ns
INFO  - (15, 2.00) =     69686ns
INFO  - (15, 2.50) =     84344ns
INFO  - (15, 3.00) =    104659ns
INFO  - (15, 3.50) =    134586ns
INFO  - (15, 4.00) =    388291ns
WARN  - target=4.500000 > max=4.374602)
INFO  - (16 / 24) = [0.004629, 4.397540]
INFO  - (16, 0.50) =     24269ns
INFO  - (16, 1.00) =     44104ns
INFO  - (16, 1.50) =     59278ns
INFO  - (16, 2.00) =     73520ns
INFO  - (16, 2.50) =     89645ns
INFO  - (16, 3.00) =    110575ns
INFO  - (16, 3.50) =    150952ns
INFO  - (16, 4.00) =    465645ns
WARN  - target=4.500000 > max=4.397540)
INFO  - (17 / 24) = [0.004113, 4.341056]
INFO  - (17, 0.50) =     25738ns
INFO  - (17, 1.00) =     51321ns
INFO  - (17, 1.50) =     64724ns
INFO  - (17, 2.00) =     77869ns
INFO  - (17, 2.50) =     97104ns
INFO  - (17, 3.00) =    114640ns
INFO  - (17, 3.50) =    141767ns
INFO  - (17, 4.00) =    385893ns
WARN  - target=4.500000 > max=4.341056)
INFO  - (18 / 24) = [0.003669, 4.607409]
INFO  - (18, 0.50) =     27144ns
INFO  - (18, 1.00) =     54078ns
INFO  - (18, 1.50) =     71527ns
INFO  - (18, 2.00) =     85637ns
INFO  - (18, 2.50) =     99561ns
INFO  - (18, 3.00) =    121458ns
INFO  - (18, 3.50) =    155038ns
INFO  - (18, 4.00) =    436422ns
INFO  - (18, 4.50) =    986851ns
WARN  - target=5.000000 > max=4.607409)
INFO  - (19 / 24) = [0.003472, 4.545838]
INFO  - (19, 0.50) =     28297ns
INFO  - (19, 1.00) =     58109ns
INFO  - (19, 1.50) =     73255ns
INFO  - (19, 2.00) =     88876ns
INFO  - (19, 2.50) =    106446ns
INFO  - (19, 3.00) =    126402ns
INFO  - (19, 3.50) =    159788ns
INFO  - (19, 4.00) =    415960ns
INFO  - (19, 4.50) =    974226ns
WARN  - target=5.000000 > max=4.545838)
INFO  - (20 / 24) = [0.003130, 4.653483]
INFO  - (20, 0.50) =     34505ns
INFO  - (20, 1.00) =     60668ns
INFO  - (20, 1.50) =     79029ns
INFO  - (20, 2.00) =     94576ns
INFO  - (20, 2.50) =    111843ns
INFO  - (20, 3.00) =    131009ns
INFO  - (20, 3.50) =    152003ns
INFO  - (20, 4.00) =    404860ns
INFO  - (20, 4.50) =    939521ns
WARN  - target=5.000000 > max=4.653483)
INFO  - (21 / 24) = [0.002945, 4.501495]
INFO  - (21, 0.50) =     36044ns
INFO  - (21, 1.00) =     62698ns
INFO  - (21, 1.50) =     83620ns
INFO  - (21, 2.00) =    100926ns
INFO  - (21, 2.50) =    119332ns
INFO  - (21, 3.00) =    138051ns
INFO  - (21, 3.50) =    160165ns
INFO  - (21, 4.00) =    433342ns
INFO  - (21, 4.50) =    999811ns
WARN  - target=5.000000 > max=4.501495)
INFO  - (22 / 24) = [0.002892, 4.553442]
INFO  - (22, 0.50) =     38395ns
INFO  - (22, 1.00) =     70484ns
INFO  - (22, 1.50) =     89486ns
INFO  - (22, 2.00) =    104037ns
INFO  - (22, 2.50) =    123455ns
INFO  - (22, 3.00) =    140625ns
INFO  - (22, 3.50) =    166345ns
INFO  - (22, 4.00) =    253737ns
INFO  - (22, 4.50) =    879681ns
WARN  - target=5.000000 > max=4.553442)
INFO  - (23 / 24) = [0.002775, 4.429578]
INFO  - (23, 0.50) =     40222ns
INFO  - (23, 1.00) =     69401ns
INFO  - (23, 1.50) =     92305ns
INFO  - (23, 2.00) =    112588ns
INFO  - (23, 2.50) =    127884ns
INFO  - (23, 3.00) =    146926ns
INFO  - (23, 3.50) =    169627ns
INFO  - (23, 4.00) =    419537ns
INFO  - (23, 4.50) =    880698ns
WARN  - target=5.000000 > max=4.429578)
INFO  - (24 / 24) = [0.002664, 4.563018]
INFO  - (24, 0.50) =     38408ns
INFO  - (24, 1.00) =     75154ns
INFO  - (24, 1.50) =     98318ns
INFO  - (24, 2.00) =    116255ns
INFO  - (24, 2.50) =    133665ns
INFO  - (24, 3.00) =    150741ns
INFO  - (24, 3.50) =    171189ns
INFO  - (24, 4.00) =    415551ns
INFO  - (24, 4.50) =    991923ns
WARN  - target=5.000000 > max=4.563018)
