INFO  - Yarn Benchmark
INFO  - 	Speculative threads = 24
INFO  - 	Time range = [0ns, 1000000ns]
INFO  - 	Speedup min = 0.50
INFO  - 	Speedup delta = 0.50
INFO  - 	Log file = tests-result/time-2.csv
INFO  - 
INFO  - Reference point:
INFO  - 	Op count: 100
INFO  - 	FP Mul: 393ns
INFO  - 	FP Div: 1299ns
INFO  - 
INFO  - Warming up...
INFO  - 
INFO  - Executing the benchmark...
INFO  - ( 1 / 24) = [0.155131, 0.999184]
INFO  - ( 1, 0.50) =      2838ns
INFO  - ( 1, 1.00) =   1000000ns
INFO  - ( 2 / 24) = [0.114615, 1.989231]
INFO  - ( 2, 0.50) =      2211ns
INFO  - ( 2, 1.00) =      7127ns
INFO  - ( 2, 1.50) =     21846ns
INFO  - ( 2, 2.00) =   1000000ns
INFO  - ( 3 / 24) = [0.090436, 2.963346]
INFO  - ( 3, 0.50) =      2301ns
INFO  - ( 3, 1.00) =      5784ns
INFO  - ( 3, 1.50) =     10145ns
INFO  - ( 3, 2.00) =     19666ns
INFO  - ( 3, 2.50) =     50885ns
INFO  - ( 3, 3.00) =   1000000ns
INFO  - ( 4 / 24) = [0.058246, 3.845730]
INFO  - ( 4, 0.50) =      3106ns
INFO  - ( 4, 1.00) =      6405ns
INFO  - ( 4, 1.50) =      9558ns
INFO  - ( 4, 2.00) =     14685ns
INFO  - ( 4, 2.50) =     22872ns
INFO  - ( 4, 3.00) =     49616ns
INFO  - ( 4, 3.50) =    216323ns
WARN  - target=4.000000 > max=3.845730)
INFO  - ( 5 / 24) = [0.039063, 4.695593]
INFO  - ( 5, 0.50) =      3925ns
INFO  - ( 5, 1.00) =      8490ns
INFO  - ( 5, 1.50) =     12544ns
INFO  - ( 5, 2.00) =     16467ns
INFO  - ( 5, 2.50) =     22284ns
INFO  - ( 5, 3.00) =     33095ns
INFO  - ( 5, 3.50) =     59149ns
INFO  - ( 5, 4.00) =    157612ns
INFO  - ( 5, 4.50) =    964616ns
WARN  - target=5.000000 > max=4.695593)
INFO  - ( 6 / 24) = [0.027264, 5.014564]
INFO  - ( 6, 0.50) =      5743ns
INFO  - ( 6, 1.00) =     12197ns
INFO  - ( 6, 1.50) =     16185ns
INFO  - ( 6, 2.00) =     20147ns
INFO  - ( 6, 2.50) =     26918ns
INFO  - ( 6, 3.00) =     36374ns
INFO  - ( 6, 3.50) =     50134ns
INFO  - ( 6, 4.00) =    129749ns
INFO  - ( 6, 4.50) =    250908ns
INFO  - ( 6, 5.00) =    981497ns
WARN  - target=5.500000 > max=5.014564)
INFO  - ( 7 / 24) = [0.022203, 5.079588]
INFO  - ( 7, 0.50) =      7829ns
INFO  - ( 7, 1.00) =     15748ns
INFO  - ( 7, 1.50) =     20614ns
INFO  - ( 7, 2.00) =     26309ns
INFO  - ( 7, 2.50) =     32920ns
INFO  - ( 7, 3.00) =     42168ns
INFO  - ( 7, 3.50) =     63460ns
INFO  - ( 7, 4.00) =    118773ns
INFO  - ( 7, 4.50) =    370255ns
INFO  - ( 7, 5.00) =    952881ns
WARN  - target=5.500000 > max=5.079588)
INFO  - ( 8 / 24) = [0.017185, 4.900598]
INFO  - ( 8, 0.50) =     10191ns
INFO  - ( 8, 1.00) =     18101ns
INFO  - ( 8, 1.50) =     25088ns
INFO  - ( 8, 2.00) =     30687ns
INFO  - ( 8, 2.50) =     39869ns
INFO  - ( 8, 3.00) =     48602ns
INFO  - ( 8, 3.50) =     62455ns
INFO  - ( 8, 4.00) =    100851ns
INFO  - ( 8, 4.50) =    354493ns
INFO  - ( 8, 5.00) =   1000000ns
WARN  - target=5.500000 > max=4.900598)
INFO  - ( 9 / 24) = [0.014387, 4.493320]
INFO  - ( 9, 0.50) =     10133ns
INFO  - ( 9, 1.00) =     20111ns
INFO  - ( 9, 1.50) =     28279ns
INFO  - ( 9, 2.00) =     36558ns
INFO  - ( 9, 2.50) =     44955ns
INFO  - ( 9, 3.00) =     58475ns
INFO  - ( 9, 3.50) =     81923ns
INFO  - ( 9, 4.00) =    312310ns
INFO  - ( 9, 4.50) =    940893ns
WARN  - target=5.000000 > max=4.493320)
INFO  - (10 / 24) = [0.012034, 4.822322]
INFO  - (10, 0.50) =     12949ns
INFO  - (10, 1.00) =     22503ns
INFO  - (10, 1.50) =     31322ns
INFO  - (10, 2.00) =     41572ns
INFO  - (10, 2.50) =     51646ns
INFO  - (10, 3.00) =     65560ns
INFO  - (10, 3.50) =    102475ns
INFO  - (10, 4.00) =    321692ns
INFO  - (10, 4.50) =    967710ns
WARN  - target=5.000000 > max=4.822322)
INFO  - (11 / 24) = [0.010084, 4.392181]
INFO  - (11, 0.50) =     13499ns
INFO  - (11, 1.00) =     24367ns
INFO  - (11, 1.50) =     33803ns
INFO  - (11, 2.00) =     43567ns
INFO  - (11, 2.50) =     56144ns
INFO  - (11, 3.00) =     73373ns
INFO  - (11, 3.50) =    123732ns
INFO  - (11, 4.00) =    596273ns
WARN  - target=4.500000 > max=4.392181)
INFO  - (12 / 24) = [0.008762, 4.525294]
INFO  - (12, 0.50) =     15194ns
INFO  - (12, 1.00) =     26436ns
INFO  - (12, 1.50) =     36210ns
INFO  - (12, 2.00) =     46532ns
INFO  - (12, 2.50) =     61795ns
INFO  - (12, 3.00) =     80260ns
INFO  - (12, 3.50) =    115151ns
INFO  - (12, 4.00) =    830030ns
INFO  - (12, 4.50) =    999999ns
WARN  - target=5.000000 > max=4.525294)
INFO  - (13 / 24) = [0.007045, 4.484426]
INFO  - (13, 0.50) =     15382ns
INFO  - (13, 1.00) =     30678ns
INFO  - (13, 1.50) =     41633ns
INFO  - (13, 2.00) =     53653ns
INFO  - (13, 2.50) =     69581ns
INFO  - (13, 3.00) =     87045ns
INFO  - (13, 3.50) =    121234ns
INFO  - (13, 4.00) =    572121ns
INFO  - (13, 4.50) =   1000000ns
WARN  - target=5.000000 > max=4.484426)
INFO  - (14 / 24) = [0.006352, 4.299323]
INFO  - (14, 0.50) =     19588ns
INFO  - (14, 1.00) =     35671ns
INFO  - (14, 1.50) =     47234ns
INFO  - (14, 2.00) =     60729ns
INFO  - (14, 2.50) =     75943ns
INFO  - (14, 3.00) =     94613ns
INFO  - (14, 3.50) =    138439ns
INFO  - (14, 4.00) =    806185ns
WARN  - target=4.500000 > max=4.299323)
INFO  - (15 / 24) = [0.005086, 4.533098]
INFO  - (15, 0.50) =     21285ns
INFO  - (15, 1.00) =     39379ns
INFO  - (15, 1.50) =     53260ns
INFO  - (15, 2.00) =     66856ns
INFO  - (15, 2.50) =     81163ns
INFO  - (15, 3.00) =    101298ns
INFO  - (15, 3.50) =    141640ns
INFO  - (15, 4.00) =    500841ns
INFO  - (15, 4.50) =    996351ns
WARN  - target=5.000000 > max=4.533098)
INFO  - (16 / 24) = [0.005006, 4.602554]
INFO  - (16, 0.50) =     22825ns
INFO  - (16, 1.00) =     43477ns
INFO  - (16, 1.50) =     58307ns
INFO  - (16, 2.00) =     70458ns
INFO  - (16, 2.50) =     88441ns
INFO  - (16, 3.00) =    107610ns
INFO  - (16, 3.50) =    144500ns
INFO  - (16, 4.00) =    546778ns
INFO  - (16, 4.50) =    989890ns
WARN  - target=5.000000 > max=4.602554)
INFO  - (17 / 24) = [0.004261, 4.422190]
INFO  - (17, 0.50) =     24425ns
INFO  - (17, 1.00) =     46780ns
INFO  - (17, 1.50) =     61099ns
INFO  - (17, 2.00) =     77220ns
INFO  - (17, 2.50) =     92938ns
INFO  - (17, 3.00) =    110932ns
INFO  - (17, 3.50) =    147018ns
INFO  - (17, 4.00) =    490719ns
INFO  - (17, 4.50) =   1000000ns
WARN  - target=5.000000 > max=4.422190)
INFO  - (18 / 24) = [0.004201, 4.270486]
INFO  - (18, 0.50) =     29366ns
INFO  - (18, 1.00) =     50172ns
INFO  - (18, 1.50) =     68517ns
INFO  - (18, 2.00) =     80771ns
INFO  - (18, 2.50) =     99886ns
INFO  - (18, 3.00) =    117830ns
INFO  - (18, 3.50) =    144777ns
INFO  - (18, 4.00) =    493380ns
WARN  - target=4.500000 > max=4.270486)
INFO  - (19 / 24) = [0.003609, 4.478420]
INFO  - (19, 0.50) =     27567ns
INFO  - (19, 1.00) =     56052ns
INFO  - (19, 1.50) =     72362ns
INFO  - (19, 2.00) =     86800ns
INFO  - (19, 2.50) =    101388ns
INFO  - (19, 3.00) =    123242ns
INFO  - (19, 3.50) =    154447ns
INFO  - (19, 4.00) =    569412ns
INFO  - (19, 4.50) =   1000000ns
WARN  - target=5.000000 > max=4.478420)
INFO  - (20 / 24) = [0.003344, 4.242372]
INFO  - (20, 0.50) =     33071ns
INFO  - (20, 1.00) =     61181ns
INFO  - (20, 1.50) =     76739ns
INFO  - (20, 2.00) =     91336ns
INFO  - (20, 2.50) =    110367ns
INFO  - (20, 3.00) =    126217ns
INFO  - (20, 3.50) =    151738ns
INFO  - (20, 4.00) =    590330ns
WARN  - target=4.500000 > max=4.242372)
INFO  - (21 / 24) = [0.002989, 4.418202]
INFO  - (21, 0.50) =     35293ns
INFO  - (21, 1.00) =     64710ns
INFO  - (21, 1.50) =     79792ns
INFO  - (21, 2.00) =     95655ns
INFO  - (21, 2.50) =    111571ns
INFO  - (21, 3.00) =    130538ns
INFO  - (21, 3.50) =    151575ns
INFO  - (21, 4.00) =    520973ns
INFO  - (21, 4.50) =   1000000ns
WARN  - target=5.000000 > max=4.418202)
INFO  - (22 / 24) = [0.002739, 4.333703]
INFO  - (22, 0.50) =     32993ns
INFO  - (22, 1.00) =     67497ns
INFO  - (22, 1.50) =     85087ns
INFO  - (22, 2.00) =    103055ns
INFO  - (22, 2.50) =    118654ns
INFO  - (22, 3.00) =    134817ns
INFO  - (22, 3.50) =    158793ns
INFO  - (22, 4.00) =    568578ns
WARN  - target=4.500000 > max=4.333703)
INFO  - (23 / 24) = [0.002625, 4.459032]
INFO  - (23, 0.50) =     40896ns
INFO  - (23, 1.00) =     68063ns
INFO  - (23, 1.50) =     92052ns
INFO  - (23, 2.00) =    107346ns
INFO  - (23, 2.50) =    122347ns
INFO  - (23, 3.00) =    140902ns
INFO  - (23, 3.50) =    163068ns
INFO  - (23, 4.00) =    460519ns
INFO  - (23, 4.50) =   1000000ns
WARN  - target=5.000000 > max=4.459032)
INFO  - (24 / 24) = [0.002491, 4.416164]
INFO  - (24, 0.50) =     42405ns
INFO  - (24, 1.00) =     74653ns
INFO  - (24, 1.50) =     92126ns
INFO  - (24, 2.00) =    109701ns
INFO  - (24, 2.50) =    126631ns
INFO  - (24, 3.00) =    145811ns
INFO  - (24, 3.50) =    169217ns
INFO  - (24, 4.00) =    554511ns
INFO  - (24, 4.50) =   1000000ns
WARN  - target=5.000000 > max=4.416164)
